TN:
SF:src/App.tsx
FN:6,App
FNF:1
FNH:1
FNDA:2,App
DA:1,1
DA:2,1
DA:3,1
DA:6,2
DA:7,2
DA:13,2
DA:14,2
DA:16,2
DA:17,2
DA:18,2
DA:19,2
DA:20,2
DA:21,2
DA:22,2
DA:24,2
LF:15
LH:15
BRDA:6,0,0,2
BRDA:7,1,0,0
BRF:2
BRH:1
end_of_record
TN:
SF:src/vite-env.d.ts
FN:1,(empty-report)
FNF:1
FNH:1
FNDA:1,(empty-report)
LF:0
LH:0
BRDA:1,0,0,1
BRF:1
BRH:1
end_of_record
TN:
SF:src/components/Film.tsx
FN:4,FilmListItem
FNF:1
FNH:1
FNDA:8,FilmListItem
DA:1,1
DA:2,1
DA:4,8
DA:5,8
DA:12,8
DA:13,8
DA:15,8
DA:16,8
DA:17,8
DA:18,8
DA:20,8
LF:11
LH:11
BRDA:4,0,0,8
BRDA:5,1,0,0
BRF:2
BRH:1
end_of_record
TN:
SF:src/components/FilmsList.tsx
FN:9,FilmList
FN:57,onClick
FNF:2
FNH:2
FNDA:9,FilmList
FNDA:1,onClick
DA:1,1
DA:2,1
DA:9,9
DA:10,9
DA:11,9
DA:12,9
DA:13,9
DA:14,9
DA:15,9
DA:40,9
DA:41,9
DA:44,9
DA:45,9
DA:46,9
DA:47,12
DA:49,12
DA:50,10
DA:51,2
DA:52,9
DA:55,9
DA:56,3
DA:57,3
DA:58,3
DA:59,3
DA:61,3
DA:62,3
DA:64,9
DA:66,9
LF:28
LH:28
BRDA:9,0,0,9
BRDA:15,1,0,0
BRDA:46,2,0,5
BRDA:55,3,0,3
BRDA:61,4,0,2
BRDA:61,5,0,1
BRDA:46,6,0,12
BRDA:49,7,0,10
BRDA:50,8,0,2
BRDA:57,9,0,1
BRF:10
BRH:9
end_of_record
